
> nx run components:build-storybook --output-dir /var/folders/s8/z53hch9s0wjcj7q48l7ybq740000gp/T/chromatic--19996-bkBQ2oTt9zLA


>  NX  Storybook builder starting ...

info => Cleaning outputDir: /var/folders/s8/z53hch9s0wjcj7q48l7ybq740000gp/T/chromatic--19996-bkBQ2oTt9zLA
info => Loading presets
info => Building manager..
info => Manager built (73 ms)
info => Copying static files: /Users/matt.huntsberry/Desktop/ghostkit/node_modules/@storybook/manager/static at /var/folders/s8/z53hch9s0wjcj7q48l7ybq740000gp/T/chromatic--19996-bkBQ2oTt9zLA/sb-common-assets

[vite:dts] You are building a library that may not need to generate declaration files.

vite v4.4.4 building for production...

./sb-common-assets/fonts.css doesn't exist at build time, it will remain unchanged to be resolved at runtime
transforming...
node_modules/telejson/dist/index.mjs (1394:15) Use of eval in "node_modules/telejson/dist/index.mjs" is strongly discouraged as it poses security risks and may cause issues with minification.
node_modules/telejson/dist/index.mjs (1397:18) Use of eval in "node_modules/telejson/dist/index.mjs" is strongly discouraged as it poses security risks and may cause issues with minification.
✓ 583 modules transformed.
Generated an empty chunk: "preview".
rendering chunks...
[plugin:vite:reporter] 
(!) /Users/matt.huntsberry/Desktop/ghostkit/node_modules/@storybook/components/dist/index.mjs is dynamically imported by /Users/matt.huntsberry/Desktop/ghostkit/node_modules/@storybook/blocks/dist/index.mjs but also statically imported by /Users/matt.huntsberry/Desktop/ghostkit/node_modules/@storybook/blocks/dist/Color-3YIJY6X7.mjs, /Users/matt.huntsberry/Desktop/ghostkit/node_modules/@storybook/blocks/dist/index.mjs, dynamic import will not move module into another chunk.

computing gzip size...
../../../../../../var/folders/s8/z53hch9s0wjcj7q48l7ybq740000gp/T/chromatic--19996-bkBQ2oTt9zLA/iframe.html                                                                  12.65 kB │ gzip:   3.61 kB
../../../../../../var/folders/s8/z53hch9s0wjcj7q48l7ybq740000gp/T/chromatic--19996-bkBQ2oTt9zLA/assets/button.stories-d543cffc.css                                           10.00 kB │ gzip:   2.30 kB
../../../../../../var/folders/s8/z53hch9s0wjcj7q48l7ybq740000gp/T/chromatic--19996-bkBQ2oTt9zLA/assets/preview-4ed993c7.js                                                    0.05 kB │ gzip:   0.07 kB │ map:     0.10 kB
../../../../../../var/folders/s8/z53hch9s0wjcj7q48l7ybq740000gp/T/chromatic--19996-bkBQ2oTt9zLA/assets/index-d475d2ea.js                                                      0.21 kB │ gzip:   0.17 kB │ map:     0.83 kB
../../../../../../var/folders/s8/z53hch9s0wjcj7q48l7ybq740000gp/T/chromatic--19996-bkBQ2oTt9zLA/assets/WithTooltip-FBT32F6Q-bfbb4fdb.js                                       0.46 kB │ gzip:   0.30 kB │ map:     0.11 kB
../../../../../../var/folders/s8/z53hch9s0wjcj7q48l7ybq740000gp/T/chromatic--19996-bkBQ2oTt9zLA/assets/syntaxhighlighter-QTQ2UBB4-a7645c72.js                                 0.47 kB │ gzip:   0.32 kB │ map:     0.12 kB
../../../../../../var/folders/s8/z53hch9s0wjcj7q48l7ybq740000gp/T/chromatic--19996-bkBQ2oTt9zLA/assets/emotion-use-insertion-effect-with-fallbacks.browser.esm-cbfb1dd0.js    0.51 kB │ gzip:   0.36 kB │ map:     2.02 kB
../../../../../../var/folders/s8/z53hch9s0wjcj7q48l7ybq740000gp/T/chromatic--19996-bkBQ2oTt9zLA/assets/preview-566e984f.js                                                    0.53 kB │ gzip:   0.35 kB │ map:     0.57 kB
../../../../../../var/folders/s8/z53hch9s0wjcj7q48l7ybq740000gp/T/chromatic--19996-bkBQ2oTt9zLA/assets/index-851486aa.js                                                      0.58 kB │ gzip:   0.36 kB │ map:     4.28 kB
../../../../../../var/folders/s8/z53hch9s0wjcj7q48l7ybq740000gp/T/chromatic--19996-bkBQ2oTt9zLA/assets/index-356e4a49.js                                                      0.81 kB │ gzip:   0.51 kB │ map:     3.26 kB
../../../../../../var/folders/s8/z53hch9s0wjcj7q48l7ybq740000gp/T/chromatic--19996-bkBQ2oTt9zLA/assets/preview-b1164a2e.js                                                    0.88 kB │ gzip:   0.58 kB │ map:     2.92 kB
../../../../../../var/folders/s8/z53hch9s0wjcj7q48l7ybq740000gp/T/chromatic--19996-bkBQ2oTt9zLA/assets/preview-a60aa466.js                                                    2.40 kB │ gzip:   1.25 kB │ map:    11.02 kB
../../../../../../var/folders/s8/z53hch9s0wjcj7q48l7ybq740000gp/T/chromatic--19996-bkBQ2oTt9zLA/assets/preview-770cc08b.js                                                    3.22 kB │ gzip:   1.39 kB │ map:    10.22 kB
../../../../../../var/folders/s8/z53hch9s0wjcj7q48l7ybq740000gp/T/chromatic--19996-bkBQ2oTt9zLA/assets/iframe-c255f8d5.js                                                     3.74 kB │ gzip:   1.61 kB │ map:     4.93 kB
../../../../../../var/folders/s8/z53hch9s0wjcj7q48l7ybq740000gp/T/chromatic--19996-bkBQ2oTt9zLA/assets/preview-d8c963a4.js                                                    7.67 kB │ gzip:   1.60 kB │ map:    14.20 kB
../../../../../../var/folders/s8/z53hch9s0wjcj7q48l7ybq740000gp/T/chromatic--19996-bkBQ2oTt9zLA/assets/index-ccf6a75d.js                                                      7.88 kB │ gzip:   3.13 kB │ map:    15.72 kB
../../../../../../var/folders/s8/z53hch9s0wjcj7q48l7ybq740000gp/T/chromatic--19996-bkBQ2oTt9zLA/assets/preview-2cd4e1a1.js                                                    8.00 kB │ gzip:   3.04 kB │ map:    28.15 kB
../../../../../../var/folders/s8/z53hch9s0wjcj7q48l7ybq740000gp/T/chromatic--19996-bkBQ2oTt9zLA/assets/GlobalScrollAreaStyles-XIHNDKUY-fe768361.js                           10.44 kB │ gzip:   2.38 kB │ map:    15.73 kB
../../../../../../var/folders/s8/z53hch9s0wjcj7q48l7ybq740000gp/T/chromatic--19996-bkBQ2oTt9zLA/assets/button.stories-2d53552e.js                                            26.33 kB │ gzip:  10.94 kB │ map:   128.36 kB
../../../../../../var/folders/s8/z53hch9s0wjcj7q48l7ybq740000gp/T/chromatic--19996-bkBQ2oTt9zLA/assets/Color-3YIJY6X7-3402cbb8.js                                            31.06 kB │ gzip:  11.68 kB │ map:   112.79 kB
../../../../../../var/folders/s8/z53hch9s0wjcj7q48l7ybq740000gp/T/chromatic--19996-bkBQ2oTt9zLA/assets/OverlayScrollbars-VAV6LJAB-980aece6.js                                59.01 kB │ gzip:  25.31 kB │ map:   277.84 kB
../../../../../../var/folders/s8/z53hch9s0wjcj7q48l7ybq740000gp/T/chromatic--19996-bkBQ2oTt9zLA/assets/_getPrototype-76ac05f0.js                                            213.00 kB │ gzip:  66.66 kB │ map:   655.97 kB
../../../../../../var/folders/s8/z53hch9s0wjcj7q48l7ybq740000gp/T/chromatic--19996-bkBQ2oTt9zLA/assets/config-5324e0f6.js                                                   214.12 kB │ gzip:  66.70 kB │ map:   807.62 kB
../../../../../../var/folders/s8/z53hch9s0wjcj7q48l7ybq740000gp/T/chromatic--19996-bkBQ2oTt9zLA/assets/DocsRenderer-EYKKDMVH-bf99c67f.js                                    504.82 kB │ gzip: 166.64 kB │ map: 1,446.20 kB
../../../../../../var/folders/s8/z53hch9s0wjcj7q48l7ybq740000gp/T/chromatic--19996-bkBQ2oTt9zLA/assets/formatter-S4K5WUZV-5117a83a.js                                       601.65 kB │ gzip: 185.06 kB │ map: 1,318.62 kB

(!) Some chunks are larger than 500 kBs after minification. Consider:
- Using dynamic import() to code-split the application
- Use build.rollupOptions.output.manualChunks to improve chunking: https://rollupjs.org/configuration-options/#output-manualchunks
- Adjust chunk size limit for this warning via build.chunkSizeWarningLimit.

[vite:dts] Start generate declaration files...
✓ built in 3.64s
[vite:dts] Declaration files built in 578ms.

info => Output directory: /var/folders/s8/z53hch9s0wjcj7q48l7ybq740000gp/T/chromatic--19996-bkBQ2oTt9zLA

>  NX  Storybook builder finished ...


>  NX  Storybook files available in /var/folders/s8/z53hch9s0wjcj7q48l7ybq740000gp/T/chromatic--19996-bkBQ2oTt9zLA


 

 >  NX   Successfully ran target build-storybook for project components


