🩺 The doctor is checking the health of your Storybook..
╭ Incompatible packages found ─────────────────────────────────────────────────────╮
│                                                                                  │
│   The following packages are incompatible with Storybook 8.5.3 as they depend    │
│   on different major versions of Storybook packages:                             │
│   - @storybook/addon-styling@1.3.7                                               │
│   - @storybook/core-common@7.6.20 (8.5.3 available!)                             │
│   Repo:                                                                          │
│   https://github.com/storybookjs/storybook/tree/next/code/lib/core-common        │
│   - storybook-dark-mode@3.0.3                                                    │
│                                                                                  │
│                                                                                  │
│   Please consider updating your packages or contacting the maintainers for       │
│   compatibility details.                                                         │
│   For more on Storybook 8 compatibility, see the linked GitHub issue:            │
│   https://github.com/storybookjs/storybook/issues/26031                          │
│                                                                                  │
╰──────────────────────────────────────────────────────────────────────────────────╯

You can always recheck the health of your project by running:
npx storybook doctor

Full logs are available in /Users/matthewhuntsberry/Desktop/projects/ghostkit/doctor-storybook.log

