[NX Daemon Server] - 2024-08-08T19:11:42.906Z - Started listening on: /var/folders/s8/z53hch9s0wjcj7q48l7ybq740000gp/T/3ca7a3e068b7e79870ac/d.sock
[NX Daemon Server] - 2024-08-08T19:11:42.909Z - [WATCHER]: Subscribed to changes within: /Users/matt.huntsberry/Desktop/ghostkit (native)
[NX Daemon Server] - 2024-08-08T19:11:42.909Z - Established a connection. Number of open connections: 1
[NX Daemon Server] - 2024-08-08T19:11:42.910Z - Established a connection. Number of open connections: 2
[NX Daemon Server] - 2024-08-08T19:11:42.911Z - Closed a connection. Number of open connections: 1
[NX Daemon Server] - 2024-08-08T19:11:42.911Z - [REQUEST]: Client Request for Project Graph Received
[NX Daemon Server] - 2024-08-08T19:11:42.963Z - [REQUEST]: Updated file-hasher based on watched changes, recomputing project graph...
[NX Daemon Server] - 2024-08-08T19:11:42.963Z - [REQUEST]: 
[NX Daemon Server] - 2024-08-08T19:11:42.963Z - [REQUEST]: 
[NX Daemon Server] - 2024-08-08T19:11:43.064Z - [REQUEST]: Responding to the client. project-graph
[NX Daemon Server] - 2024-08-08T19:11:43.064Z - Time taken for 'total for creating and serializing project graph' 152.636667ms
[NX Daemon Server] - 2024-08-08T19:11:43.065Z - Established a connection. Number of open connections: 2
[NX Daemon Server] - 2024-08-08T19:11:43.065Z - Established a connection. Number of open connections: 3
[NX Daemon Server] - 2024-08-08T19:11:43.065Z - Closed a connection. Number of open connections: 2
[NX Daemon Server] - 2024-08-08T19:11:43.065Z - [REQUEST]: Client Request for Project Graph Received
[NX Daemon Server] - 2024-08-08T19:11:43.066Z - [REQUEST]: Responding to the client. project-graph
[NX Daemon Server] - 2024-08-08T19:11:43.066Z - Time taken for 'total for creating and serializing project graph' 0.13204100000001517ms
[NX Daemon Server] - 2024-08-08T19:11:43.068Z - Done responding to the client project-graph
[NX Daemon Server] - 2024-08-08T19:11:43.068Z - Handled REQUEST_PROJECT_GRAPH. Handling time: 1. Response time: 2.
[NX Daemon Server] - 2024-08-08T19:11:43.068Z - Done responding to the client project-graph
[NX Daemon Server] - 2024-08-08T19:11:43.068Z - Handled REQUEST_PROJECT_GRAPH. Handling time: 153. Response time: 4.
[NX Daemon Server] - 2024-08-08T19:11:43.073Z - [REQUEST]: Client Request for Project Graph Received
[NX Daemon Server] - 2024-08-08T19:11:43.073Z - [REQUEST]: Responding to the client. project-graph
[NX Daemon Server] - 2024-08-08T19:11:43.073Z - Time taken for 'total for creating and serializing project graph' 0.09983400000001552ms
[NX Daemon Server] - 2024-08-08T19:11:43.075Z - Done responding to the client project-graph
[NX Daemon Server] - 2024-08-08T19:11:43.075Z - Handled REQUEST_PROJECT_GRAPH. Handling time: 0. Response time: 2.
[NX Daemon Server] - 2024-08-08T19:11:43.079Z - [REQUEST]: Client Request for Project Graph Received
[NX Daemon Server] - 2024-08-08T19:11:43.079Z - [REQUEST]: Responding to the client. project-graph
[NX Daemon Server] - 2024-08-08T19:11:43.080Z - Time taken for 'total for creating and serializing project graph' 0.16587499999999977ms
[NX Daemon Server] - 2024-08-08T19:11:43.121Z - [REQUEST]: Responding to the client. handleHashTasks
[NX Daemon Server] - 2024-08-08T19:11:43.122Z - Done responding to the client handleHashTasks
[NX Daemon Server] - 2024-08-08T19:11:43.122Z - Handled HASH_TASKS. Handling time: 35. Response time: 1.
[NX Daemon Server] - 2024-08-08T19:11:43.122Z - Done responding to the client project-graph
[NX Daemon Server] - 2024-08-08T19:11:43.122Z - Handled REQUEST_PROJECT_GRAPH. Handling time: 0. Response time: 43.
[NX Daemon Server] - 2024-08-08T19:11:43.127Z - [REQUEST]: Responding to the client. handleRequestFileData
[NX Daemon Server] - 2024-08-08T19:11:43.127Z - Done responding to the client handleRequestFileData
[NX Daemon Server] - 2024-08-08T19:11:43.127Z - Handled REQUEST_FILE_DATA. Handling time: 0. Response time: 0.
[NX Daemon Server] - 2024-08-08T19:11:43.128Z - [REQUEST]: Responding to the client. handleRequestFileData
Error: write EPIPE
    at afterWriteDispatched (node:internal/stream_base_commons:161:15)
    at writeGeneric (node:internal/stream_base_commons:152:3)
    at Socket._writeGeneric (node:net:953:11)
    at Socket._write (node:net:965:8)
    at writeOrBuffer (node:internal/streams/writable:564:12)
    at _write (node:internal/streams/writable:493:10)
    at Writable.write (node:internal/streams/writable:502:10)
    at /Users/matt.huntsberry/Desktop/ghostkit/node_modules/nx/src/daemon/server/shutdown-utils.js:59:16
    at new Promise (<anonymous>)
    at respondToClient (/Users/matt.huntsberry/Desktop/ghostkit/node_modules/nx/src/daemon/server/shutdown-utils.js:55:12) {
  errno: -32,
  code: 'EPIPE',
  syscall: 'write'
}
[NX Daemon Server] - 2024-08-08T19:11:43.129Z - Done responding to the client handleRequestFileData
[NX Daemon Server] - 2024-08-08T19:11:43.129Z - Socket error
Error: write EPIPE
    at afterWriteDispatched (node:internal/stream_base_commons:161:15)
    at writeGeneric (node:internal/stream_base_commons:152:3)
    at Socket._writeGeneric (node:net:953:11)
    at Socket._write (node:net:965:8)
    at writeOrBuffer (node:internal/streams/writable:564:12)
    at _write (node:internal/streams/writable:493:10)
    at Writable.write (node:internal/streams/writable:502:10)
    at /Users/matt.huntsberry/Desktop/ghostkit/node_modules/nx/src/daemon/server/shutdown-utils.js:59:16
    at new Promise (<anonymous>)
    at respondToClient (/Users/matt.huntsberry/Desktop/ghostkit/node_modules/nx/src/daemon/server/shutdown-utils.js:55:12) {
  errno: -32,
  code: 'EPIPE',
  syscall: 'write'
}
[NX Daemon Server] - 2024-08-08T19:11:43.130Z - Handled REQUEST_FILE_DATA. Handling time: 0. Response time: 2.
[NX Daemon Server] - 2024-08-08T19:11:43.130Z - Closed a connection. Number of open connections: 1
[NX Daemon Server] - 2024-08-08T19:12:55.984Z - [WATCHER]: packages/components/src/lib/components/Button/Button.tsx was modified
[NX Daemon Server] - 2024-08-08T19:12:55.984Z - [WATCHER]: Processing file changes in outputs
[NX Daemon Server] - 2024-08-08T19:12:56.107Z - [REQUEST]: Updated file-hasher based on watched changes, recomputing project graph...
[NX Daemon Server] - 2024-08-08T19:12:56.107Z - [REQUEST]: packages/components/src/lib/components/Button/Button.tsx
[NX Daemon Server] - 2024-08-08T19:12:56.108Z - [REQUEST]: 
[NX Daemon Server] - 2024-08-08T19:12:56.159Z - Time taken for 'hash changed files from watcher' 0.3093340000050375ms
[NX Daemon Server] - 2024-08-08T19:12:57.440Z - Established a connection. Number of open connections: 2
[NX Daemon Server] - 2024-08-08T19:12:57.446Z - Closed a connection. Number of open connections: 1
[NX Daemon Server] - 2024-08-08T19:12:57.446Z - Established a connection. Number of open connections: 2
[NX Daemon Server] - 2024-08-08T19:12:57.447Z - [REQUEST]: Client Request for Project Graph Received
[NX Daemon Server] - 2024-08-08T19:12:57.447Z - [REQUEST]: Responding to the client. project-graph
[NX Daemon Server] - 2024-08-08T19:12:57.447Z - Time taken for 'total for creating and serializing project graph' 0.1485829999874113ms
[NX Daemon Server] - 2024-08-08T19:12:57.450Z - Done responding to the client project-graph
[NX Daemon Server] - 2024-08-08T19:12:57.450Z - Handled REQUEST_PROJECT_GRAPH. Handling time: 0. Response time: 3.
[NX Daemon Server] - 2024-08-08T19:12:57.455Z - [REQUEST]: Client Request for Project Graph Received
[NX Daemon Server] - 2024-08-08T19:12:57.455Z - [REQUEST]: Responding to the client. project-graph
[NX Daemon Server] - 2024-08-08T19:12:57.455Z - Time taken for 'total for creating and serializing project graph' 0.12124999999650754ms
[NX Daemon Server] - 2024-08-08T19:12:57.457Z - Done responding to the client project-graph
[NX Daemon Server] - 2024-08-08T19:12:57.458Z - Handled REQUEST_PROJECT_GRAPH. Handling time: 0. Response time: 3.
[NX Daemon Server] - 2024-08-08T19:12:57.462Z - [REQUEST]: Client Request for Project Graph Received
[NX Daemon Server] - 2024-08-08T19:12:57.462Z - [REQUEST]: Responding to the client. project-graph
[NX Daemon Server] - 2024-08-08T19:12:57.462Z - Time taken for 'total for creating and serializing project graph' 0.2146249999932479ms
[NX Daemon Server] - 2024-08-08T19:12:57.464Z - Done responding to the client project-graph
[NX Daemon Server] - 2024-08-08T19:12:57.464Z - Handled REQUEST_PROJECT_GRAPH. Handling time: 0. Response time: 2.
[NX Daemon Server] - 2024-08-08T19:12:57.468Z - [REQUEST]: Responding to the client. handleRequestFileData
[NX Daemon Server] - 2024-08-08T19:12:57.469Z - Done responding to the client handleRequestFileData
[NX Daemon Server] - 2024-08-08T19:12:57.469Z - Handled REQUEST_FILE_DATA. Handling time: 0. Response time: 1.
[NX Daemon Server] - 2024-08-08T19:12:57.469Z - [REQUEST]: Responding to the client. handleRequestFileData
Error: write EPIPE
    at afterWriteDispatched (node:internal/stream_base_commons:161:15)
    at writeGeneric (node:internal/stream_base_commons:152:3)
    at Socket._writeGeneric (node:net:953:11)
    at Socket._write (node:net:965:8)
    at writeOrBuffer (node:internal/streams/writable:564:12)
    at _write (node:internal/streams/writable:493:10)
    at Writable.write (node:internal/streams/writable:502:10)
    at /Users/matt.huntsberry/Desktop/ghostkit/node_modules/nx/src/daemon/server/shutdown-utils.js:59:16
    at new Promise (<anonymous>)
    at respondToClient (/Users/matt.huntsberry/Desktop/ghostkit/node_modules/nx/src/daemon/server/shutdown-utils.js:55:12) {
  errno: -32,
  code: 'EPIPE',
  syscall: 'write'
}
[NX Daemon Server] - 2024-08-08T19:12:57.470Z - Done responding to the client handleRequestFileData
[NX Daemon Server] - 2024-08-08T19:12:57.470Z - Socket error
Error: write EPIPE
    at afterWriteDispatched (node:internal/stream_base_commons:161:15)
    at writeGeneric (node:internal/stream_base_commons:152:3)
    at Socket._writeGeneric (node:net:953:11)
    at Socket._write (node:net:965:8)
    at writeOrBuffer (node:internal/streams/writable:564:12)
    at _write (node:internal/streams/writable:493:10)
    at Writable.write (node:internal/streams/writable:502:10)
    at /Users/matt.huntsberry/Desktop/ghostkit/node_modules/nx/src/daemon/server/shutdown-utils.js:59:16
    at new Promise (<anonymous>)
    at respondToClient (/Users/matt.huntsberry/Desktop/ghostkit/node_modules/nx/src/daemon/server/shutdown-utils.js:55:12) {
  errno: -32,
  code: 'EPIPE',
  syscall: 'write'
}
[NX Daemon Server] - 2024-08-08T19:12:57.470Z - Handled REQUEST_FILE_DATA. Handling time: 0. Response time: 1.
[NX Daemon Server] - 2024-08-08T19:12:57.470Z - Closed a connection. Number of open connections: 1
[NX Daemon Server] - 2024-08-08T19:13:34.091Z - [WATCHER]: packages/components/src/lib/components/Changelog.stories.tsx was modified
[NX Daemon Server] - 2024-08-08T19:13:34.091Z - [WATCHER]: Processing file changes in outputs
[NX Daemon Server] - 2024-08-08T19:13:34.209Z - [REQUEST]: Updated file-hasher based on watched changes, recomputing project graph...
[NX Daemon Server] - 2024-08-08T19:13:34.210Z - [REQUEST]: packages/components/src/lib/components/Changelog.stories.tsx
[NX Daemon Server] - 2024-08-08T19:13:34.210Z - [REQUEST]: 
[NX Daemon Server] - 2024-08-08T19:13:34.259Z - Time taken for 'hash changed files from watcher' 0.31320899999991525ms
[NX Daemon Server] - 2024-08-08T19:13:35.546Z - Established a connection. Number of open connections: 2
[NX Daemon Server] - 2024-08-08T19:13:35.552Z - Closed a connection. Number of open connections: 1
[NX Daemon Server] - 2024-08-08T19:13:35.552Z - Established a connection. Number of open connections: 2
[NX Daemon Server] - 2024-08-08T19:13:35.553Z - [REQUEST]: Client Request for Project Graph Received
[NX Daemon Server] - 2024-08-08T19:13:35.553Z - [REQUEST]: Responding to the client. project-graph
[NX Daemon Server] - 2024-08-08T19:13:35.554Z - Time taken for 'total for creating and serializing project graph' 0.11762499999895226ms
[NX Daemon Server] - 2024-08-08T19:13:35.556Z - Done responding to the client project-graph
[NX Daemon Server] - 2024-08-08T19:13:35.557Z - Handled REQUEST_PROJECT_GRAPH. Handling time: 0. Response time: 4.
[NX Daemon Server] - 2024-08-08T19:13:35.562Z - [REQUEST]: Client Request for Project Graph Received
[NX Daemon Server] - 2024-08-08T19:13:35.562Z - [REQUEST]: Responding to the client. project-graph
[NX Daemon Server] - 2024-08-08T19:13:35.563Z - Time taken for 'total for creating and serializing project graph' 0.11329199999454431ms
[NX Daemon Server] - 2024-08-08T19:13:35.565Z - Done responding to the client project-graph
[NX Daemon Server] - 2024-08-08T19:13:35.565Z - Handled REQUEST_PROJECT_GRAPH. Handling time: 0. Response time: 3.
[NX Daemon Server] - 2024-08-08T19:13:35.569Z - [REQUEST]: Client Request for Project Graph Received
[NX Daemon Server] - 2024-08-08T19:13:35.570Z - [REQUEST]: Responding to the client. project-graph
[NX Daemon Server] - 2024-08-08T19:13:35.570Z - Time taken for 'total for creating and serializing project graph' 0.110791999992216ms
[NX Daemon Server] - 2024-08-08T19:13:35.573Z - Done responding to the client project-graph
[NX Daemon Server] - 2024-08-08T19:13:35.573Z - Handled REQUEST_PROJECT_GRAPH. Handling time: 1. Response time: 3.
[NX Daemon Server] - 2024-08-08T19:13:35.578Z - [REQUEST]: Responding to the client. handleRequestFileData
[NX Daemon Server] - 2024-08-08T19:13:35.578Z - Done responding to the client handleRequestFileData
[NX Daemon Server] - 2024-08-08T19:13:35.578Z - Handled REQUEST_FILE_DATA. Handling time: 0. Response time: 0.
[NX Daemon Server] - 2024-08-08T19:13:35.578Z - [REQUEST]: Responding to the client. handleRequestFileData
Error: write EPIPE
    at afterWriteDispatched (node:internal/stream_base_commons:161:15)
    at writeGeneric (node:internal/stream_base_commons:152:3)
    at Socket._writeGeneric (node:net:953:11)
    at Socket._write (node:net:965:8)
    at writeOrBuffer (node:internal/streams/writable:564:12)
    at _write (node:internal/streams/writable:493:10)
    at Writable.write (node:internal/streams/writable:502:10)
    at /Users/matt.huntsberry/Desktop/ghostkit/node_modules/nx/src/daemon/server/shutdown-utils.js:59:16
    at new Promise (<anonymous>)
    at respondToClient (/Users/matt.huntsberry/Desktop/ghostkit/node_modules/nx/src/daemon/server/shutdown-utils.js:55:12) {
  errno: -32,
  code: 'EPIPE',
  syscall: 'write'
}
[NX Daemon Server] - 2024-08-08T19:13:35.579Z - Done responding to the client handleRequestFileData
[NX Daemon Server] - 2024-08-08T19:13:35.579Z - Socket error
Error: write EPIPE
    at afterWriteDispatched (node:internal/stream_base_commons:161:15)
    at writeGeneric (node:internal/stream_base_commons:152:3)
    at Socket._writeGeneric (node:net:953:11)
    at Socket._write (node:net:965:8)
    at writeOrBuffer (node:internal/streams/writable:564:12)
    at _write (node:internal/streams/writable:493:10)
    at Writable.write (node:internal/streams/writable:502:10)
    at /Users/matt.huntsberry/Desktop/ghostkit/node_modules/nx/src/daemon/server/shutdown-utils.js:59:16
    at new Promise (<anonymous>)
    at respondToClient (/Users/matt.huntsberry/Desktop/ghostkit/node_modules/nx/src/daemon/server/shutdown-utils.js:55:12) {
  errno: -32,
  code: 'EPIPE',
  syscall: 'write'
}
[NX Daemon Server] - 2024-08-08T19:13:35.579Z - Handled REQUEST_FILE_DATA. Handling time: 0. Response time: 1.
[NX Daemon Server] - 2024-08-08T19:13:35.579Z - Closed a connection. Number of open connections: 1
[NX Daemon Server] - 2024-08-08T19:14:18.191Z - Closed a connection. Number of open connections: 0
[NX Daemon Server] - 2024-08-08T19:14:40.292Z - [WATCHER]: Processing file changes in outputs
[NX Daemon Server] - 2024-08-08T19:14:40.328Z - [WATCHER]: package.json was modified
[NX Daemon Server] - 2024-08-08T19:14:40.443Z - [REQUEST]: Updated file-hasher based on watched changes, recomputing project graph...
[NX Daemon Server] - 2024-08-08T19:14:40.443Z - [REQUEST]: package.json
[NX Daemon Server] - 2024-08-08T19:14:40.443Z - [REQUEST]: 
[NX Daemon Server] - 2024-08-08T19:14:40.481Z - Time taken for 'hash changed files from watcher' 0.19779199999175034ms
[NX Daemon Server] - 2024-08-08T19:14:40.599Z - [WATCHER]: Processing file changes in outputs
[NX Daemon Server] - 2024-08-08T19:14:40.599Z - [WATCHER]: Stopping the watcher for /Users/matt.huntsberry/Desktop/ghostkit (sources)
[NX Daemon Server] - 2024-08-08T19:14:40.599Z - [WATCHER]: Stopping the watcher for /Users/matt.huntsberry/Desktop/ghostkit (outputs)
[NX Daemon Server] - 2024-08-08T19:14:40.599Z - Server stopped because: "Lock file changed"
[NX Daemon Server] - 2024-08-08T19:16:29.011Z - Started listening on: /var/folders/s8/z53hch9s0wjcj7q48l7ybq740000gp/T/3ca7a3e068b7e79870ac/d.sock
[NX Daemon Server] - 2024-08-08T19:16:29.014Z - [WATCHER]: Subscribed to changes within: /Users/matt.huntsberry/Desktop/ghostkit (native)
[NX Daemon Server] - 2024-08-08T19:16:29.018Z - Established a connection. Number of open connections: 1
[NX Daemon Server] - 2024-08-08T19:16:29.019Z - Established a connection. Number of open connections: 2
[NX Daemon Server] - 2024-08-08T19:16:29.020Z - Closed a connection. Number of open connections: 1
[NX Daemon Server] - 2024-08-08T19:16:29.021Z - [REQUEST]: Client Request for Project Graph Received
[NX Daemon Server] - 2024-08-08T19:16:29.386Z - [REQUEST]: Updated file-hasher based on watched changes, recomputing project graph...
[NX Daemon Server] - 2024-08-08T19:16:29.386Z - [REQUEST]: 
[NX Daemon Server] - 2024-08-08T19:16:29.386Z - [REQUEST]: 
[NX Daemon Server] - 2024-08-08T19:16:30.018Z - [REQUEST]: Responding to the client. project-graph
[NX Daemon Server] - 2024-08-08T19:16:30.020Z - Time taken for 'total for creating and serializing project graph' 996.625708013773ms
[NX Daemon Server] - 2024-08-08T19:16:30.026Z - Done responding to the client project-graph
[NX Daemon Server] - 2024-08-08T19:16:30.026Z - Handled REQUEST_PROJECT_GRAPH. Handling time: 997. Response time: 8.
[NX Daemon Server] - 2024-08-08T19:16:30.033Z - [REQUEST]: Responding to the client. handleRequestFileData
[NX Daemon Server] - 2024-08-08T19:16:30.033Z - Done responding to the client handleRequestFileData
[NX Daemon Server] - 2024-08-08T19:16:30.033Z - Handled REQUEST_FILE_DATA. Handling time: 0. Response time: 0.
[NX Daemon Server] - 2024-08-08T19:16:30.034Z - Closed a connection. Number of open connections: 0
[NX Daemon Server] - 2024-08-08T19:16:43.256Z - Established a connection. Number of open connections: 1
[NX Daemon Server] - 2024-08-08T19:16:43.257Z - Closed a connection. Number of open connections: 0
[NX Daemon Server] - 2024-08-08T19:16:43.257Z - Established a connection. Number of open connections: 1
[NX Daemon Server] - 2024-08-08T19:16:43.259Z - [REQUEST]: Client Request for Project Graph Received
[NX Daemon Server] - 2024-08-08T19:16:43.259Z - [REQUEST]: Responding to the client. project-graph
[NX Daemon Server] - 2024-08-08T19:16:43.261Z - Time taken for 'total for creating and serializing project graph' 0.07595798373222351ms
[NX Daemon Server] - 2024-08-08T19:16:43.263Z - Done responding to the client project-graph
[NX Daemon Server] - 2024-08-08T19:16:43.263Z - Handled REQUEST_PROJECT_GRAPH. Handling time: 0. Response time: 4.
[NX Daemon Server] - 2024-08-08T19:16:43.314Z - [REQUEST]: Responding to the client. handleHashTasks
[NX Daemon Server] - 2024-08-08T19:16:43.314Z - Done responding to the client handleHashTasks
[NX Daemon Server] - 2024-08-08T19:16:43.314Z - Handled HASH_TASKS. Handling time: 34. Response time: 0.
[NX Daemon Server] - 2024-08-08T19:17:32.535Z - [WATCHER]: packages/components/src/lib/components/Button/Button.stories.tsx was modified
[NX Daemon Server] - 2024-08-08T19:17:32.535Z - [WATCHER]: Processing file changes in outputs
[NX Daemon Server] - 2024-08-08T19:17:32.652Z - [REQUEST]: Updated file-hasher based on watched changes, recomputing project graph...
[NX Daemon Server] - 2024-08-08T19:17:32.652Z - [REQUEST]: packages/components/src/lib/components/Button/Button.stories.tsx
[NX Daemon Server] - 2024-08-08T19:17:32.652Z - [REQUEST]: 
[NX Daemon Server] - 2024-08-08T19:17:32.696Z - Time taken for 'hash changed files from watcher' 0.1934170126914978ms
[NX Daemon Server] - 2024-08-08T19:17:33.545Z - Established a connection. Number of open connections: 2
[NX Daemon Server] - 2024-08-08T19:17:33.545Z - Established a connection. Number of open connections: 3
[NX Daemon Server] - 2024-08-08T19:17:33.545Z - Closed a connection. Number of open connections: 2
[NX Daemon Server] - 2024-08-08T19:17:33.546Z - [REQUEST]: Client Request for Project Graph Received
[NX Daemon Server] - 2024-08-08T19:17:33.546Z - [REQUEST]: Responding to the client. project-graph
[NX Daemon Server] - 2024-08-08T19:17:33.548Z - Time taken for 'total for creating and serializing project graph' 0.09000000357627869ms
[NX Daemon Server] - 2024-08-08T19:17:33.551Z - Done responding to the client project-graph
[NX Daemon Server] - 2024-08-08T19:17:33.551Z - Handled REQUEST_PROJECT_GRAPH. Handling time: 0. Response time: 5.
[NX Daemon Server] - 2024-08-08T19:17:33.557Z - [REQUEST]: Responding to the client. handleRequestFileData
[NX Daemon Server] - 2024-08-08T19:17:33.557Z - Done responding to the client handleRequestFileData
[NX Daemon Server] - 2024-08-08T19:17:33.557Z - Handled REQUEST_FILE_DATA. Handling time: 0. Response time: 0.
[NX Daemon Server] - 2024-08-08T19:17:33.557Z - Closed a connection. Number of open connections: 1
[NX Daemon Server] - 2024-08-08T19:17:36.897Z - Closed a connection. Number of open connections: 0
[NX Daemon Server] - 2024-08-08T19:17:38.322Z - Established a connection. Number of open connections: 1
[NX Daemon Server] - 2024-08-08T19:17:38.322Z - Closed a connection. Number of open connections: 0
[NX Daemon Server] - 2024-08-08T19:17:38.323Z - Established a connection. Number of open connections: 1
[NX Daemon Server] - 2024-08-08T19:17:38.325Z - [REQUEST]: Client Request for Project Graph Received
[NX Daemon Server] - 2024-08-08T19:17:38.325Z - [REQUEST]: Responding to the client. project-graph
[NX Daemon Server] - 2024-08-08T19:17:38.331Z - Time taken for 'total for creating and serializing project graph' 0.10462498664855957ms
[NX Daemon Server] - 2024-08-08T19:17:38.335Z - Done responding to the client project-graph
[NX Daemon Server] - 2024-08-08T19:17:38.335Z - Handled REQUEST_PROJECT_GRAPH. Handling time: 0. Response time: 10.
[NX Daemon Server] - 2024-08-08T19:17:38.387Z - [REQUEST]: Responding to the client. handleHashTasks
[NX Daemon Server] - 2024-08-08T19:17:38.388Z - Done responding to the client handleHashTasks
[NX Daemon Server] - 2024-08-08T19:17:38.388Z - Handled HASH_TASKS. Handling time: 28. Response time: 1.
[NX Daemon Server] - 2024-08-08T19:18:17.726Z - [WATCHER]: Processing file changes in outputs
[NX Daemon Server] - 2024-08-08T19:18:17.727Z - [WATCHER]: packages/components/src/lib/components/Button/demos/button.tsx was modified
[NX Daemon Server] - 2024-08-08T19:18:17.841Z - [REQUEST]: Updated file-hasher based on watched changes, recomputing project graph...
[NX Daemon Server] - 2024-08-08T19:18:17.841Z - [REQUEST]: packages/components/src/lib/components/Button/demos/button.tsx
[NX Daemon Server] - 2024-08-08T19:18:17.841Z - [REQUEST]: 
[NX Daemon Server] - 2024-08-08T19:18:17.880Z - Time taken for 'hash changed files from watcher' 0.14383399486541748ms
[NX Daemon Server] - 2024-08-08T19:18:18.734Z - Established a connection. Number of open connections: 2
[NX Daemon Server] - 2024-08-08T19:18:18.734Z - Established a connection. Number of open connections: 3
[NX Daemon Server] - 2024-08-08T19:18:18.734Z - Closed a connection. Number of open connections: 2
[NX Daemon Server] - 2024-08-08T19:18:18.735Z - [REQUEST]: Client Request for Project Graph Received
[NX Daemon Server] - 2024-08-08T19:18:18.735Z - [REQUEST]: Responding to the client. project-graph
[NX Daemon Server] - 2024-08-08T19:18:18.737Z - Time taken for 'total for creating and serializing project graph' 0.08170801401138306ms
[NX Daemon Server] - 2024-08-08T19:18:18.739Z - Done responding to the client project-graph
[NX Daemon Server] - 2024-08-08T19:18:18.739Z - Handled REQUEST_PROJECT_GRAPH. Handling time: 0. Response time: 4.
[NX Daemon Server] - 2024-08-08T19:18:18.743Z - [REQUEST]: Responding to the client. handleRequestFileData
[NX Daemon Server] - 2024-08-08T19:18:18.743Z - Done responding to the client handleRequestFileData
[NX Daemon Server] - 2024-08-08T19:18:18.743Z - Handled REQUEST_FILE_DATA. Handling time: 0. Response time: 0.
[NX Daemon Server] - 2024-08-08T19:18:18.744Z - Closed a connection. Number of open connections: 1
[NX Daemon Server] - 2024-08-08T19:18:20.223Z - Closed a connection. Number of open connections: 0
[NX Daemon Server] - 2024-08-08T19:18:21.596Z - Established a connection. Number of open connections: 1
[NX Daemon Server] - 2024-08-08T19:18:21.596Z - Closed a connection. Number of open connections: 0
[NX Daemon Server] - 2024-08-08T19:18:21.597Z - Established a connection. Number of open connections: 1
[NX Daemon Server] - 2024-08-08T19:18:21.598Z - [REQUEST]: Client Request for Project Graph Received
[NX Daemon Server] - 2024-08-08T19:18:21.598Z - [REQUEST]: Responding to the client. project-graph
[NX Daemon Server] - 2024-08-08T19:18:21.600Z - Time taken for 'total for creating and serializing project graph' 0.08391699194908142ms
[NX Daemon Server] - 2024-08-08T19:18:21.602Z - Done responding to the client project-graph
[NX Daemon Server] - 2024-08-08T19:18:21.602Z - Handled REQUEST_PROJECT_GRAPH. Handling time: 0. Response time: 4.
[NX Daemon Server] - 2024-08-08T19:18:21.646Z - [REQUEST]: Responding to the client. handleHashTasks
[NX Daemon Server] - 2024-08-08T19:18:21.647Z - Done responding to the client handleHashTasks
[NX Daemon Server] - 2024-08-08T19:18:21.647Z - Handled HASH_TASKS. Handling time: 28. Response time: 1.
[NX Daemon Server] - 2024-08-08T19:18:33.039Z - [REQUEST]: Responding to the client. recordOutputsHash
[NX Daemon Server] - 2024-08-08T19:18:33.039Z - Done responding to the client recordOutputsHash
[NX Daemon Server] - 2024-08-08T19:18:33.039Z - Handled RECORD_OUTPUTS_HASH. Handling time: 1. Response time: 0.
[NX Daemon Server] - 2024-08-08T19:18:33.047Z - Closed a connection. Number of open connections: 0
[NX Daemon Server] - 2024-08-08T19:24:51.846Z - [WATCHER]: packages/components/.storybook/preview-head.html was modified
[NX Daemon Server] - 2024-08-08T19:24:51.846Z - [WATCHER]: Processing file changes in outputs
[NX Daemon Server] - 2024-08-08T19:24:51.967Z - [REQUEST]: Updated file-hasher based on watched changes, recomputing project graph...
[NX Daemon Server] - 2024-08-08T19:24:51.967Z - [REQUEST]: packages/components/.storybook/preview-head.html
[NX Daemon Server] - 2024-08-08T19:24:51.967Z - [REQUEST]: 
[NX Daemon Server] - 2024-08-08T19:24:52.008Z - Time taken for 'hash changed files from watcher' 0.3192079961299896ms
[NX Daemon Server] - 2024-08-08T19:24:52.855Z - Established a connection. Number of open connections: 1
[NX Daemon Server] - 2024-08-08T19:24:52.856Z - Established a connection. Number of open connections: 2
[NX Daemon Server] - 2024-08-08T19:24:52.856Z - Closed a connection. Number of open connections: 1
[NX Daemon Server] - 2024-08-08T19:24:52.856Z - [REQUEST]: Client Request for Project Graph Received
[NX Daemon Server] - 2024-08-08T19:24:52.856Z - [REQUEST]: Responding to the client. project-graph
[NX Daemon Server] - 2024-08-08T19:24:52.858Z - Time taken for 'total for creating and serializing project graph' 0.07558301091194153ms
[NX Daemon Server] - 2024-08-08T19:24:52.861Z - Done responding to the client project-graph
[NX Daemon Server] - 2024-08-08T19:24:52.861Z - Handled REQUEST_PROJECT_GRAPH. Handling time: 0. Response time: 5.
[NX Daemon Server] - 2024-08-08T19:24:52.866Z - [REQUEST]: Responding to the client. handleRequestFileData
[NX Daemon Server] - 2024-08-08T19:24:52.867Z - Done responding to the client handleRequestFileData
[NX Daemon Server] - 2024-08-08T19:24:52.867Z - Handled REQUEST_FILE_DATA. Handling time: 0. Response time: 1.
[NX Daemon Server] - 2024-08-08T19:24:52.868Z - Closed a connection. Number of open connections: 0
[NX Daemon Server] - 2024-08-08T19:25:06.269Z - [WATCHER]: packages/components/.storybook/preview-head.html was modified
[NX Daemon Server] - 2024-08-08T19:25:06.269Z - [WATCHER]: Processing file changes in outputs
[NX Daemon Server] - 2024-08-08T19:25:06.383Z - [REQUEST]: Updated file-hasher based on watched changes, recomputing project graph...
[NX Daemon Server] - 2024-08-08T19:25:06.383Z - [REQUEST]: packages/components/.storybook/preview-head.html
[NX Daemon Server] - 2024-08-08T19:25:06.383Z - [REQUEST]: 
[NX Daemon Server] - 2024-08-08T19:25:06.423Z - Time taken for 'hash changed files from watcher' 0.18312498927116394ms
[NX Daemon Server] - 2024-08-08T19:25:07.276Z - Established a connection. Number of open connections: 1
[NX Daemon Server] - 2024-08-08T19:25:07.276Z - Established a connection. Number of open connections: 2
[NX Daemon Server] - 2024-08-08T19:25:07.276Z - Closed a connection. Number of open connections: 1
[NX Daemon Server] - 2024-08-08T19:25:07.277Z - [REQUEST]: Client Request for Project Graph Received
[NX Daemon Server] - 2024-08-08T19:25:07.277Z - [REQUEST]: Responding to the client. project-graph
[NX Daemon Server] - 2024-08-08T19:25:07.278Z - Time taken for 'total for creating and serializing project graph' 0.09099999070167542ms
[NX Daemon Server] - 2024-08-08T19:25:07.281Z - Done responding to the client project-graph
[NX Daemon Server] - 2024-08-08T19:25:07.281Z - Handled REQUEST_PROJECT_GRAPH. Handling time: 0. Response time: 4.
[NX Daemon Server] - 2024-08-08T19:25:07.286Z - [REQUEST]: Responding to the client. handleRequestFileData
[NX Daemon Server] - 2024-08-08T19:25:07.286Z - Done responding to the client handleRequestFileData
[NX Daemon Server] - 2024-08-08T19:25:07.286Z - Handled REQUEST_FILE_DATA. Handling time: 0. Response time: 0.
[NX Daemon Server] - 2024-08-08T19:25:07.286Z - Closed a connection. Number of open connections: 0
[NX Daemon Server] - 2024-08-08T19:25:15.422Z - Established a connection. Number of open connections: 1
[NX Daemon Server] - 2024-08-08T19:25:15.422Z - Closed a connection. Number of open connections: 0
[NX Daemon Server] - 2024-08-08T19:25:15.423Z - Established a connection. Number of open connections: 1
[NX Daemon Server] - 2024-08-08T19:25:15.424Z - [REQUEST]: Client Request for Project Graph Received
[NX Daemon Server] - 2024-08-08T19:25:15.424Z - [REQUEST]: Responding to the client. project-graph
[NX Daemon Server] - 2024-08-08T19:25:15.426Z - Time taken for 'total for creating and serializing project graph' 0.09279197454452515ms
[NX Daemon Server] - 2024-08-08T19:25:15.428Z - Done responding to the client project-graph
[NX Daemon Server] - 2024-08-08T19:25:15.428Z - Handled REQUEST_PROJECT_GRAPH. Handling time: 0. Response time: 4.
[NX Daemon Server] - 2024-08-08T19:25:15.476Z - [REQUEST]: Responding to the client. handleHashTasks
[NX Daemon Server] - 2024-08-08T19:25:15.476Z - Done responding to the client handleHashTasks
[NX Daemon Server] - 2024-08-08T19:25:15.476Z - Handled HASH_TASKS. Handling time: 29. Response time: 0.
[NX Daemon Server] - 2024-08-08T19:26:34.402Z - [WATCHER]: packages/tokens/build/css/primitives.css was modified
[NX Daemon Server] - 2024-08-08T19:26:34.403Z - [WATCHER]: Processing file changes in outputs
[NX Daemon Server] - 2024-08-08T19:26:34.517Z - [REQUEST]: Updated file-hasher based on watched changes, recomputing project graph...
[NX Daemon Server] - 2024-08-08T19:26:34.517Z - [REQUEST]: packages/tokens/build/css/primitives.css
[NX Daemon Server] - 2024-08-08T19:26:34.517Z - [REQUEST]: 
[NX Daemon Server] - 2024-08-08T19:26:34.551Z - Time taken for 'hash changed files from watcher' 0.18599998950958252ms
[NX Daemon Server] - 2024-08-08T19:26:35.409Z - Established a connection. Number of open connections: 2
[NX Daemon Server] - 2024-08-08T19:26:35.409Z - Established a connection. Number of open connections: 3
[NX Daemon Server] - 2024-08-08T19:26:35.409Z - Closed a connection. Number of open connections: 2
[NX Daemon Server] - 2024-08-08T19:26:35.410Z - [REQUEST]: Client Request for Project Graph Received
[NX Daemon Server] - 2024-08-08T19:26:35.410Z - [REQUEST]: Responding to the client. project-graph
[NX Daemon Server] - 2024-08-08T19:26:35.412Z - Time taken for 'total for creating and serializing project graph' 0.11349999904632568ms
[NX Daemon Server] - 2024-08-08T19:26:35.414Z - Done responding to the client project-graph
[NX Daemon Server] - 2024-08-08T19:26:35.414Z - Handled REQUEST_PROJECT_GRAPH. Handling time: 0. Response time: 4.
[NX Daemon Server] - 2024-08-08T19:26:35.418Z - [REQUEST]: Responding to the client. handleRequestFileData
[NX Daemon Server] - 2024-08-08T19:26:35.418Z - Done responding to the client handleRequestFileData
[NX Daemon Server] - 2024-08-08T19:26:35.418Z - Handled REQUEST_FILE_DATA. Handling time: 0. Response time: 0.
[NX Daemon Server] - 2024-08-08T19:26:35.419Z - Closed a connection. Number of open connections: 1
[NX Daemon Server] - 2024-08-08T19:27:01.287Z - [WATCHER]: packages/tokens/build/css/brands/index.css was created or restored
[NX Daemon Server] - 2024-08-08T19:27:01.288Z - [WATCHER]: Processing file changes in outputs
[NX Daemon Server] - 2024-08-08T19:27:01.401Z - [REQUEST]: Updated file-hasher based on watched changes, recomputing project graph...
[NX Daemon Server] - 2024-08-08T19:27:01.402Z - [REQUEST]: packages/tokens/build/css/brands/index.css
[NX Daemon Server] - 2024-08-08T19:27:01.402Z - [REQUEST]: 
[NX Daemon Server] - 2024-08-08T19:27:01.443Z - Time taken for 'hash changed files from watcher' 0.14516699314117432ms
[NX Daemon Server] - 2024-08-08T19:27:02.296Z - Established a connection. Number of open connections: 2
[NX Daemon Server] - 2024-08-08T19:27:02.296Z - Established a connection. Number of open connections: 3
[NX Daemon Server] - 2024-08-08T19:27:02.296Z - Closed a connection. Number of open connections: 2
[NX Daemon Server] - 2024-08-08T19:27:02.297Z - [REQUEST]: Client Request for Project Graph Received
[NX Daemon Server] - 2024-08-08T19:27:02.297Z - [REQUEST]: Responding to the client. project-graph
[NX Daemon Server] - 2024-08-08T19:27:02.299Z - Time taken for 'total for creating and serializing project graph' 0.14270800352096558ms
[NX Daemon Server] - 2024-08-08T19:27:02.301Z - Done responding to the client project-graph
[NX Daemon Server] - 2024-08-08T19:27:02.302Z - Handled REQUEST_PROJECT_GRAPH. Handling time: 0. Response time: 5.
[NX Daemon Server] - 2024-08-08T19:27:02.307Z - [REQUEST]: Responding to the client. handleRequestFileData
[NX Daemon Server] - 2024-08-08T19:27:02.307Z - Done responding to the client handleRequestFileData
[NX Daemon Server] - 2024-08-08T19:27:02.307Z - Handled REQUEST_FILE_DATA. Handling time: 0. Response time: 0.
[NX Daemon Server] - 2024-08-08T19:27:02.308Z - Closed a connection. Number of open connections: 1
[NX Daemon Server] - 2024-08-08T19:27:24.347Z - [WATCHER]: Processing file changes in outputs
[NX Daemon Server] - 2024-08-08T19:27:24.349Z - [WATCHER]: packages/tokens/build/css/brands/index.css was modified
[NX Daemon Server] - 2024-08-08T19:27:24.465Z - [REQUEST]: Updated file-hasher based on watched changes, recomputing project graph...
[NX Daemon Server] - 2024-08-08T19:27:24.465Z - [REQUEST]: packages/tokens/build/css/brands/index.css
[NX Daemon Server] - 2024-08-08T19:27:24.465Z - [REQUEST]: 
[NX Daemon Server] - 2024-08-08T19:27:24.506Z - Time taken for 'hash changed files from watcher' 0.16762498021125793ms
[NX Daemon Server] - 2024-08-08T19:27:25.355Z - Established a connection. Number of open connections: 2
[NX Daemon Server] - 2024-08-08T19:27:25.355Z - Established a connection. Number of open connections: 3
[NX Daemon Server] - 2024-08-08T19:27:25.355Z - Closed a connection. Number of open connections: 2
[NX Daemon Server] - 2024-08-08T19:27:25.356Z - [REQUEST]: Client Request for Project Graph Received
[NX Daemon Server] - 2024-08-08T19:27:25.356Z - [REQUEST]: Responding to the client. project-graph
[NX Daemon Server] - 2024-08-08T19:27:25.357Z - Time taken for 'total for creating and serializing project graph' 0.06408300995826721ms
[NX Daemon Server] - 2024-08-08T19:27:25.359Z - Done responding to the client project-graph
[NX Daemon Server] - 2024-08-08T19:27:25.359Z - Handled REQUEST_PROJECT_GRAPH. Handling time: 0. Response time: 3.
[NX Daemon Server] - 2024-08-08T19:27:25.363Z - [REQUEST]: Responding to the client. handleRequestFileData
[NX Daemon Server] - 2024-08-08T19:27:25.363Z - Done responding to the client handleRequestFileData
[NX Daemon Server] - 2024-08-08T19:27:25.363Z - Handled REQUEST_FILE_DATA. Handling time: 0. Response time: 0.
[NX Daemon Server] - 2024-08-08T19:27:25.363Z - Closed a connection. Number of open connections: 1
[NX Daemon Server] - 2024-08-08T19:27:30.879Z - [WATCHER]: packages/tokens/build/css/index.css was created or restored
[NX Daemon Server] - 2024-08-08T19:27:30.880Z - [WATCHER]: Processing file changes in outputs
[NX Daemon Server] - 2024-08-08T19:27:30.997Z - [REQUEST]: Updated file-hasher based on watched changes, recomputing project graph...
[NX Daemon Server] - 2024-08-08T19:27:30.997Z - [REQUEST]: packages/tokens/build/css/index.css
[NX Daemon Server] - 2024-08-08T19:27:30.998Z - [REQUEST]: 
[NX Daemon Server] - 2024-08-08T19:27:31.035Z - Time taken for 'hash changed files from watcher' 0.14299997687339783ms
[NX Daemon Server] - 2024-08-08T19:27:31.892Z - Established a connection. Number of open connections: 2
[NX Daemon Server] - 2024-08-08T19:27:31.892Z - Established a connection. Number of open connections: 3
[NX Daemon Server] - 2024-08-08T19:27:31.892Z - Closed a connection. Number of open connections: 2
[NX Daemon Server] - 2024-08-08T19:27:31.893Z - [REQUEST]: Client Request for Project Graph Received
[NX Daemon Server] - 2024-08-08T19:27:31.893Z - [REQUEST]: Responding to the client. project-graph
[NX Daemon Server] - 2024-08-08T19:27:31.896Z - Time taken for 'total for creating and serializing project graph' 0.1397089958190918ms
[NX Daemon Server] - 2024-08-08T19:27:31.901Z - Done responding to the client project-graph
[NX Daemon Server] - 2024-08-08T19:27:31.901Z - Handled REQUEST_PROJECT_GRAPH. Handling time: 0. Response time: 8.
[NX Daemon Server] - 2024-08-08T19:27:31.909Z - [REQUEST]: Responding to the client. handleRequestFileData
[NX Daemon Server] - 2024-08-08T19:27:31.909Z - Done responding to the client handleRequestFileData
[NX Daemon Server] - 2024-08-08T19:27:31.909Z - Handled REQUEST_FILE_DATA. Handling time: 1. Response time: 0.
[NX Daemon Server] - 2024-08-08T19:27:31.909Z - Closed a connection. Number of open connections: 1
[NX Daemon Server] - 2024-08-08T19:28:08.067Z - [WATCHER]: packages/tokens/build/css/index.css was modified
[NX Daemon Server] - 2024-08-08T19:28:08.068Z - [WATCHER]: Processing file changes in outputs
[NX Daemon Server] - 2024-08-08T19:28:08.182Z - [REQUEST]: Updated file-hasher based on watched changes, recomputing project graph...
[NX Daemon Server] - 2024-08-08T19:28:08.182Z - [REQUEST]: packages/tokens/build/css/index.css
[NX Daemon Server] - 2024-08-08T19:28:08.182Z - [REQUEST]: 
[NX Daemon Server] - 2024-08-08T19:28:08.215Z - Time taken for 'hash changed files from watcher' 0.20441699028015137ms
[NX Daemon Server] - 2024-08-08T19:28:09.077Z - Established a connection. Number of open connections: 2
[NX Daemon Server] - 2024-08-08T19:28:09.078Z - Established a connection. Number of open connections: 3
[NX Daemon Server] - 2024-08-08T19:28:09.079Z - Closed a connection. Number of open connections: 2
[NX Daemon Server] - 2024-08-08T19:28:09.080Z - [REQUEST]: Client Request for Project Graph Received
[NX Daemon Server] - 2024-08-08T19:28:09.080Z - [REQUEST]: Responding to the client. project-graph
[NX Daemon Server] - 2024-08-08T19:28:09.083Z - Time taken for 'total for creating and serializing project graph' 0.2356249988079071ms
[NX Daemon Server] - 2024-08-08T19:28:09.105Z - Done responding to the client project-graph
[NX Daemon Server] - 2024-08-08T19:28:09.105Z - Handled REQUEST_PROJECT_GRAPH. Handling time: 0. Response time: 25.
[NX Daemon Server] - 2024-08-08T19:28:09.118Z - [REQUEST]: Responding to the client. handleRequestFileData
[NX Daemon Server] - 2024-08-08T19:28:09.118Z - Done responding to the client handleRequestFileData
[NX Daemon Server] - 2024-08-08T19:28:09.118Z - Handled REQUEST_FILE_DATA. Handling time: 0. Response time: 0.
[NX Daemon Server] - 2024-08-08T19:28:09.119Z - Closed a connection. Number of open connections: 1
[NX Daemon Server] - 2024-08-08T19:28:11.317Z - Closed a connection. Number of open connections: 0
[NX Daemon Server] - 2024-08-08T19:28:12.703Z - Established a connection. Number of open connections: 1
[NX Daemon Server] - 2024-08-08T19:28:12.703Z - Closed a connection. Number of open connections: 0
[NX Daemon Server] - 2024-08-08T19:28:12.704Z - Established a connection. Number of open connections: 1
[NX Daemon Server] - 2024-08-08T19:28:12.705Z - [REQUEST]: Client Request for Project Graph Received
[NX Daemon Server] - 2024-08-08T19:28:12.705Z - [REQUEST]: Responding to the client. project-graph
[NX Daemon Server] - 2024-08-08T19:28:12.707Z - Time taken for 'total for creating and serializing project graph' 0.06166699528694153ms
[NX Daemon Server] - 2024-08-08T19:28:12.709Z - Done responding to the client project-graph
[NX Daemon Server] - 2024-08-08T19:28:12.709Z - Handled REQUEST_PROJECT_GRAPH. Handling time: 0. Response time: 4.
[NX Daemon Server] - 2024-08-08T19:28:12.756Z - [REQUEST]: Responding to the client. handleHashTasks
[NX Daemon Server] - 2024-08-08T19:28:12.757Z - Done responding to the client handleHashTasks
[NX Daemon Server] - 2024-08-08T19:28:12.757Z - Handled HASH_TASKS. Handling time: 31. Response time: 1.
[NX Daemon Server] - 2024-08-08T19:28:40.542Z - Closed a connection. Number of open connections: 0
[NX Daemon Server] - 2024-08-08T19:29:41.104Z - [WATCHER]: .github/workflows/ui-tests.yaml was deleted
[NX Daemon Server] - 2024-08-08T19:29:41.104Z - [WATCHER]: Processing file changes in outputs
[NX Daemon Server] - 2024-08-08T19:29:41.220Z - [REQUEST]: Updated file-hasher based on watched changes, recomputing project graph...
[NX Daemon Server] - 2024-08-08T19:29:41.220Z - [REQUEST]: 
[NX Daemon Server] - 2024-08-08T19:29:41.220Z - [REQUEST]: .github/workflows/ui-tests.yaml
[NX Daemon Server] - 2024-08-08T19:29:41.260Z - Time taken for 'hash changed files from watcher' 0.10820800065994263ms
[NX Daemon Server] - 2024-08-08T19:29:42.110Z - Established a connection. Number of open connections: 1
[NX Daemon Server] - 2024-08-08T19:29:42.110Z - Established a connection. Number of open connections: 2
[NX Daemon Server] - 2024-08-08T19:29:42.110Z - Closed a connection. Number of open connections: 1
[NX Daemon Server] - 2024-08-08T19:29:42.111Z - [REQUEST]: Client Request for Project Graph Received
[NX Daemon Server] - 2024-08-08T19:29:42.111Z - [REQUEST]: Responding to the client. project-graph
[NX Daemon Server] - 2024-08-08T19:29:42.113Z - Time taken for 'total for creating and serializing project graph' 0.07862499356269836ms
[NX Daemon Server] - 2024-08-08T19:29:42.115Z - Done responding to the client project-graph
[NX Daemon Server] - 2024-08-08T19:29:42.115Z - Handled REQUEST_PROJECT_GRAPH. Handling time: 0. Response time: 4.
[NX Daemon Server] - 2024-08-08T19:29:42.120Z - [REQUEST]: Responding to the client. handleRequestFileData
[NX Daemon Server] - 2024-08-08T19:29:42.120Z - Done responding to the client handleRequestFileData
[NX Daemon Server] - 2024-08-08T19:29:42.120Z - Handled REQUEST_FILE_DATA. Handling time: 0. Response time: 0.
[NX Daemon Server] - 2024-08-08T19:29:42.120Z - Closed a connection. Number of open connections: 0
[NX Daemon Server] - 2024-08-08T19:29:53.642Z - [WATCHER]: .github/workflows/figma-tokens-release.yaml was modified
[NX Daemon Server] - 2024-08-08T19:29:53.642Z - [WATCHER]: Processing file changes in outputs
[NX Daemon Server] - 2024-08-08T19:29:53.756Z - [REQUEST]: Updated file-hasher based on watched changes, recomputing project graph...
[NX Daemon Server] - 2024-08-08T19:29:53.756Z - [REQUEST]: .github/workflows/figma-tokens-release.yaml
[NX Daemon Server] - 2024-08-08T19:29:53.756Z - [REQUEST]: 
[NX Daemon Server] - 2024-08-08T19:29:53.794Z - Time taken for 'hash changed files from watcher' 0.15583300590515137ms
[NX Daemon Server] - 2024-08-08T19:29:54.649Z - Established a connection. Number of open connections: 1
[NX Daemon Server] - 2024-08-08T19:29:54.649Z - Established a connection. Number of open connections: 2
[NX Daemon Server] - 2024-08-08T19:29:54.649Z - Closed a connection. Number of open connections: 1
[NX Daemon Server] - 2024-08-08T19:29:54.650Z - [REQUEST]: Client Request for Project Graph Received
[NX Daemon Server] - 2024-08-08T19:29:54.650Z - [REQUEST]: Responding to the client. project-graph
[NX Daemon Server] - 2024-08-08T19:29:54.652Z - Time taken for 'total for creating and serializing project graph' 0.07662501931190491ms
[NX Daemon Server] - 2024-08-08T19:29:54.653Z - Done responding to the client project-graph
[NX Daemon Server] - 2024-08-08T19:29:54.654Z - Handled REQUEST_PROJECT_GRAPH. Handling time: 0. Response time: 4.
[NX Daemon Server] - 2024-08-08T19:29:54.657Z - [REQUEST]: Responding to the client. handleRequestFileData
[NX Daemon Server] - 2024-08-08T19:29:54.657Z - Done responding to the client handleRequestFileData
[NX Daemon Server] - 2024-08-08T19:29:54.658Z - Handled REQUEST_FILE_DATA. Handling time: 0. Response time: 1.
[NX Daemon Server] - 2024-08-08T19:29:54.658Z - Closed a connection. Number of open connections: 0
